<?xml version="1.0" encoding="UTF-8"?>
<TestRun id="832abaf6-1e18-4306-b5e9-67c3046d2f7e" name="eduardcs@HI36231 2013-05-31 13:01:40" runUser="CEGEKANV\eduardcs" xmlns="http://microsoft.com/schemas/VisualStudio/TeamTest/2010">
  <TestSettings name="Local" id="0ca1148e-4b1b-4ae2-af1d-1ad012a7a92f">
    <Description>These are default test settings for a local test run.</Description>
    <Deployment enabled="false" runDeploymentRoot="eduardcs_HI36231 2013-05-31 13_01_40" />
    <Execution>
      <TestTypeSpecific />
      <AgentRule name="Execution Agents">
      </AgentRule>
    </Execution>
  </TestSettings>
  <Times creation="2013-05-31T13:01:40.9919282+03:00" queuing="2013-05-31T13:01:41.0219299+03:00" start="2013-05-31T13:01:41.0249301+03:00" finish="2013-05-31T13:01:41.2449426+03:00" />
  <ResultSummary outcome="Failed">
    <Counters total="1" executed="1" error="0" failed="1" timeout="0" aborted="0" inconclusive="0" passedButRunAborted="0" notRunnable="0" notExecuted="0" disconnected="0" warning="0" passed="0" completed="0" inProgress="0" pending="0" />
  </ResultSummary>
  <TestDefinitions>
    <UnitTest name="TestMethod1" storage="d:\testrepo\estanculet\kata.romannumerals\kata.romannumerals\bin\debug\kata.romannumerals.dll" id="a83779a9-c9ec-9a61-719a-bfa5b8a09f17">
      <Execution id="79d42d46-e075-43f5-8fc3-6912b0e34b29" />
      <TestMethod codeBase="D:/TestRepo/estanculet/Kata.RomanNumerals/Kata.RomanNumerals/bin/Debug/Kata.RomanNumerals.DLL" adapterTypeName="Microsoft.VisualStudio.TestTools.TestTypes.Unit.UnitTestAdapter, Microsoft.VisualStudio.QualityTools.Tips.UnitTest.Adapter, Version=10.0.0.0, Culture=neutral, PublicKeyToken=b03f5f7f11d50a3a" className="Kata.RomanNumerals.RomanNumeralsTest, Kata.RomanNumerals, Version=1.0.0.0, Culture=neutral, PublicKeyToken=null" name="TestMethod1" />
    </UnitTest>
  </TestDefinitions>
  <TestLists>
    <TestList name="Results Not in a List" id="8c84fa94-04c1-424b-9868-57a2d4851a1d" />
    <TestList name="All Loaded Results" id="19431567-8539-422a-85d7-44ee4e166bda" />
  </TestLists>
  <TestEntries>
    <TestEntry testId="a83779a9-c9ec-9a61-719a-bfa5b8a09f17" executionId="79d42d46-e075-43f5-8fc3-6912b0e34b29" testListId="8c84fa94-04c1-424b-9868-57a2d4851a1d" />
  </TestEntries>
  <Results>
    <UnitTestResult executionId="79d42d46-e075-43f5-8fc3-6912b0e34b29" testId="a83779a9-c9ec-9a61-719a-bfa5b8a09f17" testName="TestMethod1" computerName="HI36231" duration="00:00:00.0272888" startTime="2013-05-31T13:01:41.0389309+03:00" endTime="2013-05-31T13:01:41.2349421+03:00" testType="13cdc9d9-ddb5-4fa4-a97d-d965ccfc6d4b" outcome="Failed" testListId="8c84fa94-04c1-424b-9868-57a2d4851a1d" relativeResultsDirectory="79d42d46-e075-43f5-8fc3-6912b0e34b29">
      <Output>
        <ErrorInfo>
          <Message>Assert.AreEqual failed. Expected:&lt;1000&gt;. Actual:&lt;3&gt;. </Message>
          <StackTrace>   at Kata.RomanNumerals.RomanNumeralsTest.TestMethod1() in D:\TestRepo\estanculet\Kata.RomanNumerals\Kata.RomanNumerals\RomanNumeralsTest.cs:line 23
</StackTrace>
        </ErrorInfo>
      </Output>
    </UnitTestResult>
  </Results>
</TestRun>